<?xml version="1.0" encoding="UTF-8"?>
<testsuite xmlns:xsi="http://www.w3.org/2001/XMLSchema-instance" xsi:noNamespaceSchemaLocation="https://maven.apache.org/surefire/maven-surefire-plugin/xsd/surefire-test-report-3.0.xsd" version="3.0" name="cucumber.Options.TestRunner" time="13.371" tests="2" errors="0" skipped="0" failures="0">
  <properties>
    <property name="sun.desktop" value="windows"/>
    <property name="awt.toolkit" value="sun.awt.windows.WToolkit"/>
    <property name="java.specification.version" value="11"/>
    <property name="sun.cpu.isalist" value="amd64"/>
    <property name="sun.jnu.encoding" value="Cp1252"/>
    <property name="java.class.path" value="C:\Users\anand\OneDrive\Desktop\Anandhi_Learning\RestAssuredBDDCucumberFramework\target\test-classes;C:\Users\anand\OneDrive\Desktop\Anandhi_Learning\RestAssuredBDDCucumberFramework\target\classes;C:\Users\anand\.m2\repository\io\rest-assured\rest-assured\5.5.0\rest-assured-5.5.0.jar;C:\Users\anand\.m2\repository\org\apache\groovy\groovy-xml\4.0.22\groovy-xml-4.0.22.jar;C:\Users\anand\.m2\repository\org\apache\httpcomponents\httpclient\4.5.13\httpclient-4.5.13.jar;C:\Users\anand\.m2\repository\org\apache\httpcomponents\httpcore\4.4.13\httpcore-4.4.13.jar;C:\Users\anand\.m2\repository\commons-logging\commons-logging\1.2\commons-logging-1.2.jar;C:\Users\anand\.m2\repository\commons-codec\commons-codec\1.11\commons-codec-1.11.jar;C:\Users\anand\.m2\repository\org\apache\httpcomponents\httpmime\4.5.13\httpmime-4.5.13.jar;C:\Users\anand\.m2\repository\org\hamcrest\hamcrest\2.2\hamcrest-2.2.jar;C:\Users\anand\.m2\repository\org\ccil\cowan\tagsoup\tagsoup\1.2.1\tagsoup-1.2.1.jar;C:\Users\anand\.m2\repository\io\rest-assured\json-path\5.5.0\json-path-5.5.0.jar;C:\Users\anand\.m2\repository\org\apache\groovy\groovy-json\4.0.22\groovy-json-4.0.22.jar;C:\Users\anand\.m2\repository\io\rest-assured\rest-assured-common\5.5.0\rest-assured-common-5.5.0.jar;C:\Users\anand\.m2\repository\io\rest-assured\xml-path\5.5.0\xml-path-5.5.0.jar;C:\Users\anand\.m2\repository\io\cucumber\cucumber-java\7.20.1\cucumber-java-7.20.1.jar;C:\Users\anand\.m2\repository\io\cucumber\cucumber-core\7.20.1\cucumber-core-7.20.1.jar;C:\Users\anand\.m2\repository\io\cucumber\cucumber-gherkin\7.20.1\cucumber-gherkin-7.20.1.jar;C:\Users\anand\.m2\repository\io\cucumber\cucumber-gherkin-messages\7.20.1\cucumber-gherkin-messages-7.20.1.jar;C:\Users\anand\.m2\repository\io\cucumber\gherkin\28.0.0\gherkin-28.0.0.jar;C:\Users\anand\.m2\repository\io\cucumber\messages\24.1.0\messages-24.1.0.jar;C:\Users\anand\.m2\repository\io\cucumber\testng-xml-formatter\0.2.0\testng-xml-formatter-0.2.0.jar;C:\Users\anand\.m2\repository\io\cucumber\query\12.2.0\query-12.2.0.jar;C:\Users\anand\.m2\repository\io\cucumber\tag-expressions\6.1.0\tag-expressions-6.1.0.jar;C:\Users\anand\.m2\repository\io\cucumber\cucumber-expressions\17.1.0\cucumber-expressions-17.1.0.jar;C:\Users\anand\.m2\repository\io\cucumber\datatable\7.20.1\datatable-7.20.1.jar;C:\Users\anand\.m2\repository\io\cucumber\cucumber-plugin\7.20.1\cucumber-plugin-7.20.1.jar;C:\Users\anand\.m2\repository\io\cucumber\docstring\7.20.1\docstring-7.20.1.jar;C:\Users\anand\.m2\repository\io\cucumber\html-formatter\21.7.0\html-formatter-21.7.0.jar;C:\Users\anand\.m2\repository\io\cucumber\junit-xml-formatter\0.5.0\junit-xml-formatter-0.5.0.jar;C:\Users\anand\.m2\repository\io\cucumber\ci-environment\10.0.1\ci-environment-10.0.1.jar;C:\Users\anand\.m2\repository\org\apiguardian\apiguardian-api\1.1.2\apiguardian-api-1.1.2.jar;C:\Users\anand\.m2\repository\io\cucumber\cucumber-junit\7.20.1\cucumber-junit-7.20.1.jar;C:\Users\anand\.m2\repository\com\fasterxml\jackson\core\jackson-databind\2.18.2\jackson-databind-2.18.2.jar;C:\Users\anand\.m2\repository\com\fasterxml\jackson\core\jackson-annotations\2.18.2\jackson-annotations-2.18.2.jar;C:\Users\anand\.m2\repository\com\fasterxml\jackson\core\jackson-core\2.18.2\jackson-core-2.18.2.jar;C:\Users\anand\.m2\repository\org\apache\groovy\groovy\4.0.24\groovy-4.0.24.jar;C:\Users\anand\.m2\repository\junit\junit\4.13.2\junit-4.13.2.jar;C:\Users\anand\.m2\repository\org\hamcrest\hamcrest-core\1.3\hamcrest-core-1.3.jar;C:\Users\anand\.m2\repository\org\slf4j\slf4j-simple\1.7.36\slf4j-simple-1.7.36.jar;C:\Users\anand\.m2\repository\org\slf4j\slf4j-api\1.7.36\slf4j-api-1.7.36.jar;C:\Users\anand\.m2\repository\net\masterthought\cucumber-reporting\5.8.4\cucumber-reporting-5.8.4.jar;C:\Users\anand\.m2\repository\com\fasterxml\jackson\datatype\jackson-datatype-jsr310\2.18.1\jackson-datatype-jsr310-2.18.1.jar;C:\Users\anand\.m2\repository\org\apache\velocity\velocity-engine-core\2.4.1\velocity-engine-core-2.4.1.jar;C:\Users\anand\.m2\repository\joda-time\joda-time\2.13.0\joda-time-2.13.0.jar;C:\Users\anand\.m2\repository\org\apache\commons\commons-configuration2\2.11.0\commons-configuration2-2.11.0.jar;C:\Users\anand\.m2\repository\org\apache\commons\commons-lang3\3.17.0\commons-lang3-3.17.0.jar;C:\Users\anand\.m2\repository\commons-io\commons-io\2.17.0\commons-io-2.17.0.jar;C:\Users\anand\.m2\repository\org\apache\commons\commons-text\1.12.0\commons-text-1.12.0.jar;C:\Users\anand\.m2\repository\org\jsoup\jsoup\1.18.1\jsoup-1.18.1.jar;C:\Users\anand\.m2\repository\com\googlecode\owasp-java-html-sanitizer\owasp-java-html-sanitizer\20240325.1\owasp-java-html-sanitizer-20240325.1.jar;C:\Users\anand\.m2\repository\com\googlecode\owasp-java-html-sanitizer\java8-shim\20240325.1\java8-shim-20240325.1.jar;C:\Users\anand\.m2\repository\com\googlecode\owasp-java-html-sanitizer\java10-shim\20240325.1\java10-shim-20240325.1.jar;C:\Users\anand\.m2\repository\org\slf4j\jcl-over-slf4j\2.0.16\jcl-over-slf4j-2.0.16.jar;"/>
    <property name="java.vm.vendor" value="Oracle Corporation"/>
    <property name="sun.arch.data.model" value="64"/>
    <property name="user.variant" value=""/>
    <property name="java.vendor.url" value="https://openjdk.java.net/"/>
    <property name="user.timezone" value="America/New_York"/>
    <property name="java.vm.specification.version" value="11"/>
    <property name="os.name" value="Windows 10"/>
    <property name="sun.java.launcher" value="SUN_STANDARD"/>
    <property name="user.country" value="US"/>
    <property name="sun.boot.library.path" value="C:\Program Files\Java\jdk-11.0.20\bin"/>
    <property name="sun.java.command" value="C:\Users\anand\AppData\Local\Temp\surefire10474563925248101599\surefirebooter-20250115103940270_3.jar C:\Users\anand\AppData\Local\Temp\surefire10474563925248101599 2025-01-15T10-39-39_996-jvmRun1 surefire-20250115103940270_1tmp surefire_0-20250115103940270_2tmp"/>
    <property name="jdk.debug" value="release"/>
    <property name="surefire.test.class.path" value="C:\Users\anand\OneDrive\Desktop\Anandhi_Learning\RestAssuredBDDCucumberFramework\target\test-classes;C:\Users\anand\OneDrive\Desktop\Anandhi_Learning\RestAssuredBDDCucumberFramework\target\classes;C:\Users\anand\.m2\repository\io\rest-assured\rest-assured\5.5.0\rest-assured-5.5.0.jar;C:\Users\anand\.m2\repository\org\apache\groovy\groovy-xml\4.0.22\groovy-xml-4.0.22.jar;C:\Users\anand\.m2\repository\org\apache\httpcomponents\httpclient\4.5.13\httpclient-4.5.13.jar;C:\Users\anand\.m2\repository\org\apache\httpcomponents\httpcore\4.4.13\httpcore-4.4.13.jar;C:\Users\anand\.m2\repository\commons-logging\commons-logging\1.2\commons-logging-1.2.jar;C:\Users\anand\.m2\repository\commons-codec\commons-codec\1.11\commons-codec-1.11.jar;C:\Users\anand\.m2\repository\org\apache\httpcomponents\httpmime\4.5.13\httpmime-4.5.13.jar;C:\Users\anand\.m2\repository\org\hamcrest\hamcrest\2.2\hamcrest-2.2.jar;C:\Users\anand\.m2\repository\org\ccil\cowan\tagsoup\tagsoup\1.2.1\tagsoup-1.2.1.jar;C:\Users\anand\.m2\repository\io\rest-assured\json-path\5.5.0\json-path-5.5.0.jar;C:\Users\anand\.m2\repository\org\apache\groovy\groovy-json\4.0.22\groovy-json-4.0.22.jar;C:\Users\anand\.m2\repository\io\rest-assured\rest-assured-common\5.5.0\rest-assured-common-5.5.0.jar;C:\Users\anand\.m2\repository\io\rest-assured\xml-path\5.5.0\xml-path-5.5.0.jar;C:\Users\anand\.m2\repository\io\cucumber\cucumber-java\7.20.1\cucumber-java-7.20.1.jar;C:\Users\anand\.m2\repository\io\cucumber\cucumber-core\7.20.1\cucumber-core-7.20.1.jar;C:\Users\anand\.m2\repository\io\cucumber\cucumber-gherkin\7.20.1\cucumber-gherkin-7.20.1.jar;C:\Users\anand\.m2\repository\io\cucumber\cucumber-gherkin-messages\7.20.1\cucumber-gherkin-messages-7.20.1.jar;C:\Users\anand\.m2\repository\io\cucumber\gherkin\28.0.0\gherkin-28.0.0.jar;C:\Users\anand\.m2\repository\io\cucumber\messages\24.1.0\messages-24.1.0.jar;C:\Users\anand\.m2\repository\io\cucumber\testng-xml-formatter\0.2.0\testng-xml-formatter-0.2.0.jar;C:\Users\anand\.m2\repository\io\cucumber\query\12.2.0\query-12.2.0.jar;C:\Users\anand\.m2\repository\io\cucumber\tag-expressions\6.1.0\tag-expressions-6.1.0.jar;C:\Users\anand\.m2\repository\io\cucumber\cucumber-expressions\17.1.0\cucumber-expressions-17.1.0.jar;C:\Users\anand\.m2\repository\io\cucumber\datatable\7.20.1\datatable-7.20.1.jar;C:\Users\anand\.m2\repository\io\cucumber\cucumber-plugin\7.20.1\cucumber-plugin-7.20.1.jar;C:\Users\anand\.m2\repository\io\cucumber\docstring\7.20.1\docstring-7.20.1.jar;C:\Users\anand\.m2\repository\io\cucumber\html-formatter\21.7.0\html-formatter-21.7.0.jar;C:\Users\anand\.m2\repository\io\cucumber\junit-xml-formatter\0.5.0\junit-xml-formatter-0.5.0.jar;C:\Users\anand\.m2\repository\io\cucumber\ci-environment\10.0.1\ci-environment-10.0.1.jar;C:\Users\anand\.m2\repository\org\apiguardian\apiguardian-api\1.1.2\apiguardian-api-1.1.2.jar;C:\Users\anand\.m2\repository\io\cucumber\cucumber-junit\7.20.1\cucumber-junit-7.20.1.jar;C:\Users\anand\.m2\repository\com\fasterxml\jackson\core\jackson-databind\2.18.2\jackson-databind-2.18.2.jar;C:\Users\anand\.m2\repository\com\fasterxml\jackson\core\jackson-annotations\2.18.2\jackson-annotations-2.18.2.jar;C:\Users\anand\.m2\repository\com\fasterxml\jackson\core\jackson-core\2.18.2\jackson-core-2.18.2.jar;C:\Users\anand\.m2\repository\org\apache\groovy\groovy\4.0.24\groovy-4.0.24.jar;C:\Users\anand\.m2\repository\junit\junit\4.13.2\junit-4.13.2.jar;C:\Users\anand\.m2\repository\org\hamcrest\hamcrest-core\1.3\hamcrest-core-1.3.jar;C:\Users\anand\.m2\repository\org\slf4j\slf4j-simple\1.7.36\slf4j-simple-1.7.36.jar;C:\Users\anand\.m2\repository\org\slf4j\slf4j-api\1.7.36\slf4j-api-1.7.36.jar;C:\Users\anand\.m2\repository\net\masterthought\cucumber-reporting\5.8.4\cucumber-reporting-5.8.4.jar;C:\Users\anand\.m2\repository\com\fasterxml\jackson\datatype\jackson-datatype-jsr310\2.18.1\jackson-datatype-jsr310-2.18.1.jar;C:\Users\anand\.m2\repository\org\apache\velocity\velocity-engine-core\2.4.1\velocity-engine-core-2.4.1.jar;C:\Users\anand\.m2\repository\joda-time\joda-time\2.13.0\joda-time-2.13.0.jar;C:\Users\anand\.m2\repository\org\apache\commons\commons-configuration2\2.11.0\commons-configuration2-2.11.0.jar;C:\Users\anand\.m2\repository\org\apache\commons\commons-lang3\3.17.0\commons-lang3-3.17.0.jar;C:\Users\anand\.m2\repository\commons-io\commons-io\2.17.0\commons-io-2.17.0.jar;C:\Users\anand\.m2\repository\org\apache\commons\commons-text\1.12.0\commons-text-1.12.0.jar;C:\Users\anand\.m2\repository\org\jsoup\jsoup\1.18.1\jsoup-1.18.1.jar;C:\Users\anand\.m2\repository\com\googlecode\owasp-java-html-sanitizer\owasp-java-html-sanitizer\20240325.1\owasp-java-html-sanitizer-20240325.1.jar;C:\Users\anand\.m2\repository\com\googlecode\owasp-java-html-sanitizer\java8-shim\20240325.1\java8-shim-20240325.1.jar;C:\Users\anand\.m2\repository\com\googlecode\owasp-java-html-sanitizer\java10-shim\20240325.1\java10-shim-20240325.1.jar;C:\Users\anand\.m2\repository\org\slf4j\jcl-over-slf4j\2.0.16\jcl-over-slf4j-2.0.16.jar;"/>
    <property name="sun.cpu.endian" value="little"/>
    <property name="user.home" value="C:\Users\anand"/>
    <property name="user.language" value="en"/>
    <property name="java.specification.vendor" value="Oracle Corporation"/>
    <property name="java.version.date" value="2023-07-18"/>
    <property name="java.home" value="C:\Program Files\Java\jdk-11.0.20"/>
    <property name="file.separator" value="\"/>
    <property name="basedir" value="C:\Users\anand\OneDrive\Desktop\Anandhi_Learning\RestAssuredBDDCucumberFramework"/>
    <property name="java.vm.compressedOopsMode" value="Zero based"/>
    <property name="line.separator" value="&#10;"/>
    <property name="java.specification.name" value="Java Platform API Specification"/>
    <property name="java.vm.specification.vendor" value="Oracle Corporation"/>
    <property name="java.awt.graphicsenv" value="sun.awt.Win32GraphicsEnvironment"/>
    <property name="surefire.real.class.path" value="C:\Users\anand\AppData\Local\Temp\surefire10474563925248101599\surefirebooter-20250115103940270_3.jar"/>
    <property name="user.script" value=""/>
    <property name="sun.management.compiler" value="HotSpot 64-Bit Tiered Compilers"/>
    <property name="java.runtime.version" value="11.0.20+9-LTS-256"/>
    <property name="user.name" value="anand"/>
    <property name="path.separator" value=";"/>
    <property name="os.version" value="10.0"/>
    <property name="java.runtime.name" value="Java(TM) SE Runtime Environment"/>
    <property name="file.encoding" value="Cp1252"/>
    <property name="java.vm.name" value="Java HotSpot(TM) 64-Bit Server VM"/>
    <property name="java.vendor.version" value="18.9"/>
    <property name="localRepository" value="C:\Users\anand\.m2\repository"/>
    <property name="java.vendor.url.bug" value="https://bugreport.java.com/bugreport/"/>
    <property name="java.io.tmpdir" value="C:\Users\anand\AppData\Local\Temp\"/>
    <property name="java.version" value="11.0.20"/>
    <property name="user.dir" value="C:\Users\anand\OneDrive\Desktop\Anandhi_Learning\RestAssuredBDDCucumberFramework"/>
    <property name="os.arch" value="amd64"/>
    <property name="java.vm.specification.name" value="Java Virtual Machine Specification"/>
    <property name="java.awt.printerjob" value="sun.awt.windows.WPrinterJob"/>
    <property name="sun.os.patch.level" value=""/>
    <property name="java.library.path" value="C:\Program Files\Java\jdk-11.0.20\bin;C:\WINDOWS\Sun\Java\bin;C:\WINDOWS\system32;C:\WINDOWS;C:\Program Files\Java\jdk-11.0.20\bin;C:\Program Files\Java\jdk-11.0.20\bin;C:\sqlite;C:\Users\Anandhi\EDXWebProgrammingPython\;C:\Users\anand\OneDrive\Desktop\Anandhi_Learning\QA Training\Solvd\UI Test Automation\Web driver and server\;C:\Program Files\TortoiseGit\bin;C:\Program Files\Maven\apache-maven-3.9.5\bin;C:\Python312\;C:\Python312\Scripts;C:\Program Files\Git\cmd;C:\Python310;C:\Python310\Scripts;C:\Program Files\nodejs\;C:\Program Files\Java\jdk-11.0.14\bin;C:\Users\Anandhi\EDXWebProgrammingPython\;C:\Users\anand\OneDrive\Desktop\Anandhi_Learning\QA Training\Solvd\UI Test Automation\Web driver and server\;C:\Program Files\MySQL\MySQL Shell 8.0\bin\;C:\Users\anand\AppData\Local\Programs\Microsoft VS Code\bin;C:\Python310\;C:\Python310\Scripts;C:\sqlite;C:\Users\anand\AppData\Roaming\npm;."/>
    <property name="java.vendor" value="Oracle Corporation"/>
    <property name="java.vm.info" value="mixed mode"/>
    <property name="java.vm.version" value="11.0.20+9-LTS-256"/>
    <property name="java.specification.maintenance.version" value="2"/>
    <property name="sun.io.unicode.encoding" value="UnicodeLittle"/>
    <property name="java.class.version" value="55.0"/>
  </properties>
  <testcase name="Validate if place is successfully added using AddPlaceApi" classname="Validation Place API" time="8.865">
    <system-out><![CDATA[/maps/api/place/add/json
4a8df347a3a45fa45cdaf1616a01166f
/maps/api/place/get/json
]]></system-out>
  </testcase>
  <testcase name="Verify Delete Place is working" classname="Validation Place API" time="2.688">
    <system-out><![CDATA[4a8df347a3a45fa45cdaf1616a01166f
/maps/api/place/delete/json
]]></system-out>
  </testcase>
</testsuite>